{"D:\\My-project\\combined-workspace\\projects\\project1\\src\\app\\app.component.html": {"path":"D:\\My-project\\combined-workspace\\projects\\project1\\src\\app\\app.component.html","statementMap":{"0":{"start":{"line":1,"column":0},"end":{"line":1,"column":21130}}},"fnMap":{},"branchMap":{},"s":{"0":1},"f":{},"b":{},"_coverageSchema":"1a1c01bbd47fc00a2c39e90264f33305004495a9","hash":"e84f2597a16e28f3ef12fd6f7d36a702f24b5cc1"}
,"D:\\My-project\\combined-workspace\\projects\\project1\\src\\app\\app.component.ts": {"path":"D:\\My-project\\combined-workspace\\projects\\project1\\src\\app\\app.component.ts","statementMap":{"0":{"start":{"line":1,"column":0},"end":{"line":1,"column":42}},"1":{"start":{"line":2,"column":0},"end":{"line":2,"column":47}},"2":{"start":{"line":11,"column":7},"end":{"line":13,"column":null}},"3":{"start":{"line":12,"column":2},"end":{"line":12,"column":21}},"4":{"start":{"line":11,"column":13},"end":{"line":11,"column":25}},"5":{"start":{"line":11,"column":13},"end":{"line":13,"column":null}}},"fnMap":{"0":{"name":"(anonymous_0)","decl":{"start":{"line":11,"column":7},"end":{"line":11,"column":13}},"loc":{"start":{"line":11,"column":7},"end":{"line":13,"column":1}}}},"branchMap":{},"s":{"0":1,"1":1,"2":1,"3":3,"4":1,"5":1},"f":{"0":3},"b":{}}
}
